__switch_VB
__slug_VB
__graze_VB
__empty_VB
__back_up_VB
__guard_VB
__capitalise_VB
__enmesh_VB
__break_into_VB
__immortalize_VB
__enthuse_VB
__din_VB
__disk_VB
__lavish_VB
__colonise_VB
__excel_VB
__waddle_VB
__misspell_VB
__prioritise_VB
__humble_VB
__administrate_VB
__thrash_VB
__con_VB
__spar_VB
__retail_VB
__coil_VB
__price_VB
__elucidate_VB
__blow_VB
__betray_VB
__detach_VB
__unfit_VB
__smack_VB
__tread_VB
__squash_VB
__moult_VB
__contradict_VB
__fluoresce_VB
__avoid_VB
__suffix_VB
__writhe_VB
__cantilever_VB
__beget_VB
__depopulate_VB
__deface_VB
__annex_VB
__publicise_VB
__declaim_VB
__attract_VB
__subdue_VB
__massage_VB
__suffer_VB
__grind_VB
__cement_VB
__upstage_VB
__cant_VB
__jar_VB
__distress_VB
__intersect_VB
__premiere_VB
__capitalize_VB
__migrate_VB
__clap_VB
__regain_VB
__transport_VB
__quarry_VB
__misrepresent_VB
__cradle_VB
__erect_VB
__process_VB
__disperse_VB
__hamstring_VB
__sympathize_VB
__entitle_VB
__lounge_VB
__outlaw_VB
__influence_VB
__graft_VB
__cave_VB
__co-star_VB
__associate_VB
__stab_VB
__fix_VB
__popularize_VB
__lie_VB
__obfuscate_VB
__blog_VB
__favour_VB
__instruct_VB
__replant_VB
__hurry_VB
__scar_VB
__scrawl_VB
__annotate_VB
__flower_VB
__restock_VB
__pale_VB
__canvas_VB
__constrain_VB
__spot_VB
__bond_VB
__export_VB
__keep_VB
__instigate_VB
__call_VB
__include_VB
__relay_VB
__legalise_VB
__recite_VB
__explain_VB
__father_VB
__stereotype_VB
__masquerade_VB
__admonish_VB
__espouse_VB
__keep_out_VB
__curdle_VB
__keep_from_VB
__keep_on_VB
__hold_up_VB
__join_in_VB
__gratify_VB
__foist_VB
__overplay_VB
__breast_VB
__leave_out_VB
__misquote_VB
__silhouette_VB
__engross_VB
__aid_VB
__personalise_VB
__sample_VB
__peruse_VB
__own_VB
__scourge_VB
__re-introduce_VB
__regroup_VB
__rededicate_VB
__sanctify_VB
__fluoridate_VB
__climax_VB
__channel_VB
__indulge_VB
__videotape_VB
__vie_VB
__view_VB
__bounce_VB
__regrow_VB
__interbreed_VB
__dread_VB
__outrun_VB
__sour_VB
__anthropomorphize_VB
__tolerate_VB
__float_VB
__expend_VB
__burn_VB
__invest_VB
__ban_VB
__martyr_VB
__consolidate_VB
__make_VB
__wrestle_VB
__wrinkle_VB
__wriggle_VB
__advance_VB
__dissipate_VB
__mount_VB
__quiz_VB
__race_VB
__resell_VB
__wallow_VB
__storm_VB
__peel_VB
__hurtle_VB
__cup_VB
__incite_VB
__refine_VB
__civilize_VB
__shin_VB
__function_VB
__grip_VB
__reorient_VB
__archive_VB
__justify_VB
__catapult_VB
__revolutionize_VB
__win_VB
__reprint_VB
__reach_VB
__halve_VB
__go_VB
__bake_VB
__water_VB
__reconnoitre_VB
__trespass_VB
__evolve_VB
__ionize_VB
__dip_VB
__flee_VB
__miss_VB
__list_VB
__understand_VB
__stymie_VB
__respond_VB
__pile_VB
__lean_VB
__deform_VB
__wean_VB
__slow_VB
__reject_VB
__contemplate_VB
__confuse_VB
__decimate_VB
__garrison_VB
__impinge_VB
__reverse_VB
__cultivate_VB
__dismiss_VB
__commit_VB
__lighten_VB
__demand_VB
__introduce_VB
__regularize_VB
__bleed_VB
__enrage_VB
__merge_VB
__whack_VB
__overflow_VB
__concern_VB
__repeat_VB
__tape_VB
__taper_VB
__loot_VB
__head_VB
__claw_VB
__punch_VB
__cable_VB
__ready_VB
__cruise_VB
__moan_VB
__differ_VB
__classify_VB
__embellish_VB
__hail_VB
__appal_VB
__feather_VB
__roar_VB
__lure_VB
__raid_VB
__compartmentalise_VB
__depute_VB
__authorise_VB
__apprehend_VB
__defer_VB
__assimilate_VB
__dynamite_VB
__wad_VB
__bulge_VB
__obliterate_VB
__petrify_VB
__state_VB
__crack_VB
__convey_VB
__neglect_VB
__inspire_VB
__avow_VB
__activate_VB
__supersede_VB
__sedate_VB
__supervene_VB
__interview_VB
__stone_VB
__culture_VB
__stonewall_VB
__ingest_VB
__threaten_VB
__stow_VB
__direct_VB
__patronize_VB
__unbalance_VB
__unscramble_VB
__squabble_VB
__compact_VB
__dry_VB
__mask_VB
__fixate_VB
__brutalize_VB
__forbid_VB
__restrict_VB
__target_VB
__copy_VB
__force_VB
__accommodate_VB
__denature_VB
__evict_VB
__defend_VB
__scour_VB
__patch_VB
__decommission_VB
__orbit_VB
__refloat_VB
__antagonize_VB
__socialize_VB
__thank_VB
__hustle_VB
__menstruate_VB
__sound_VB
__reproduce_VB
__reevaluate_VB
__cheer_VB
__unhinge_VB
__groom_VB
__dispel_VB
__carom_VB
__convict_VB
__rub_VB
__personalize_VB
__rampage_VB
__evaluate_VB
__commemorate_VB
__disguise_VB
__segment_VB
__cut_out_VB
__displace_VB
__demonstrate_VB
__pique_VB
__charm_VB
__repeal_VB
__bend_VB
__handicap_VB
__dump_VB
__undertake_VB
__commend_VB
__assemble_VB
__unblock_VB
__puff_VB
__blockade_VB
__modulate_VB
__shatter_VB
__bank_VB
__symbolize_VB
__wield_VB
__traumatize_VB
__scrutinize_VB
__blast_VB
__monitor_VB
__block_VB
__penetrate_VB
__elect_VB
__trip_VB
__boast_VB
__poison_VB
__seek_VB
__skin_VB
__fellate_VB
__institutionalise_VB
__resort_VB
__chastise_VB
__accompany_VB
__forsake_VB
__mutate_VB
__overhaul_VB
__hop_VB
__reanimate_VB
__avail_VB
__stay_VB
__bulldoze_VB
__stack_VB
__dart_VB
__partake_VB
__diffract_VB
__fundraise_VB
__disgust_VB
__mumble_VB
__dispatch_VB
__converse_VB
__intermingle_VB
__emulate_VB
__enliven_VB
__blunt_VB
__intensify_VB
__improve_VB
__retool_VB
__stake_VB
__commute_VB
__load_VB
__accumulate_VB
__spin_VB
__repair_VB
__apply_VB
__mesmerize_VB
__fuse_VB
__graduate_VB
__couple_VB
__retake_VB
__give_back_VB
__give_away_VB
__go_after_VB
__give_up_VB
__get_on_VB
__get_off_VB
__get_rid_VB
__get_over_VB
__obscure_VB
__go_over_VB
__go_against_VB
__receive_VB
__compliment_VB
__drum_VB
__discontinue_VB
__claim_VB
__officiate_VB
__respect_VB
__tower_VB
__braid_VB
__splice_VB
__detain_VB
__predominate_VB
__create_VB
__wedge_VB
__exterminate_VB
__strike_VB
__condone_VB
__stun_VB
__bow_VB
__refrigerate_VB
__ship_VB
__distill_VB
__sandwich_VB
__weave_VB
__fee_VB
__season_VB
__look_down_VB
__look_after_VB
__dial_VB
__smuggle_VB
__obstruct_VB
__look_into_VB
__look_for_VB
__mottle_VB
__descend_VB
__listen_VB
__look_out_VB
__overstay_VB
__ally_VB
__enamour_VB
__disenchant_VB
__murder_VB
__romp_VB
__excommunicate_VB
__salvage_VB
__home_VB
__perfuse_VB
__curry_VB
__exonerate_VB
__conceal_VB
__egg_VB
__pilot_VB
__persecute_VB
__categorize_VB
__bruise_VB
__antedate_VB
__quadruple_VB
__invoke_VB
__guarantee_VB
__dissolve_VB
__cancel_VB
__damp_VB
__require_VB
__task_VB
__reformulate_VB
__set_VB
__muse_VB
__void_VB
__covet_VB
__fancy_VB
__shear_VB
__up_VB
__acclimatise_VB
__form_VB
__alert_VB
__qualify_VB
__mesh_VB
__enrich_VB
__fluctuate_VB
__nip_VB
__hydrolyse_VB
__sequence_VB
__sort_VB
__wreathe_VB
__reply_VB
__wrap_VB
__metastasize_VB
__wound_VB
__harvest_VB
__idealise_VB
__annoy_VB
__dose_VB
__extend_VB
__pant_VB
__collate_VB
__indemnify_VB
__enclose_VB
__rush_VB
__screw_VB
__fail_VB
__jumpstart_VB
__collaborate_VB
__exhibit_VB
__rest_VB
__rally_VB
__wade_VB
__minimize_VB
__excuse_VB
__gag_VB
__snip_VB
__absolve_VB
__stampede_VB
__snore_VB
__highlight_VB
__row_VB
__roost_VB
__snipe_VB
__beset_VB
__rejuvenate_VB
__ignite_VB
__flutter_VB
__calculate_VB
__map_VB
__foresee_VB
__sag_VB
__walk_VB
__postdate_VB
__don_VB
__recess_VB
__web_VB
__ease_VB
__spew_VB
__summarise_VB
__infringe_VB
__weep_VB
__trap_VB
__patrol_VB
__waylay_VB
__reinterpret_VB
__allow_VB
__vary_VB
__dissent_VB
__cheerlead_VB
__add_VB
__assess_VB
__stag_VB
__whittle_VB
__sap_VB
__mock_VB
__settle_VB
__supercharge_VB
__cede_VB
__tattoo_VB
__lament_VB
__refuse_VB
__redeploy_VB
__game_VB
__anglicise_VB
__proportion_VB
__pickle_VB
__arbitrate_VB
__outsmart_VB
__perpetrate_VB
__jeopardise_VB
__hasten_VB
__appoint_VB
__homogenize_VB
__decelerate_VB
__interact_VB
__spend_VB
__bare_VB
__retain_VB
__appraise_VB
__curl_VB
__quell_VB
__yield_VB
__allay_VB
__abdicate_VB
__project_VB
__burst_VB
__strafe_VB
__defuse_VB
__pounce_VB
__torment_VB
__muscle_VB
__hamper_VB
__clone_VB
__bar_VB
__scold_VB
__sunbathe_VB
__realize_VB
__untangle_VB
__unify_VB
__pardon_VB
__uncover_VB
__elide_VB
__emend_VB
__essay_VB
__wander_VB
__grace_VB
__bemoan_VB
__argue_VB
__recur_VB
__mislead_VB
__parade_VB
__slap_VB
__carry_VB
__propel_VB
__zip_VB
__blank_VB
__clench_VB
__clear_VB
__fatigue_VB
__tug_VB
__jail_VB
__ignore_VB
__tempt_VB
__brand_VB
__impound_VB
__demoralise_VB
__know_VB
__croak_VB
__bandy_VB
__rent_VB
__substitute_VB
__postpone_VB
__hyphenate_VB
__strengthen_VB
__subtract_VB
__come_across_VB
__come_down_VB
__come_forward_VB
__subsidise_VB
__proffer_VB
__cut_back_VB
__taste_VB
__class_VB
__probe_VB
__doff_VB
__witness_VB
__overvalue_VB
__surrender_VB
__need_VB
__underpin_VB
__subsume_VB
__release_VB
__cut_VB
__hospitalize_VB
__rape_VB
__resubmit_VB
__weigh_VB
__sentence_VB
__share_VB
__dine_VB
__screech_VB
__act_VB
__indicate_VB
__aspire_VB
__garner_VB
__blunder_VB
__allege_VB
__pimp_VB
__decipher_VB
__pencil_VB
__domineer_VB
__hymn_VB
__prepare_VB
__fog_VB
__trample_VB
__urge_VB
__choreograph_VB
__ennoble_VB
__misunderstand_VB
__squander_VB
__memorialize_VB
__evince_VB
__outdraw_VB
__idolize_VB
__sock_VB
__caution_VB
__awaken_VB
__counterfeit_VB
__foster_VB
__secede_VB
__spurn_VB
__disassociate_VB
__humanize_VB
__overlie_VB
__remit_VB
__concatenate_VB
__reduce_VB
__fissure_VB
__enact_VB
__floor_VB
__abjure_VB
__glorify_VB
__site_VB
__struggle_VB
__employ_VB
__fret_VB
__fake_VB
__build_VB
__quest_VB
__dim_VB
__revolve_VB
__cure_VB
__stock_VB
__drive_VB
__distort_VB
__weather_VB
__get_across_VB
__get_at_VB
__find_out_VB
__focus_on_VB
__figure_out_VB
__fill_in_VB
__comport_VB
__equivocate_VB
__get_in_VB
__get_into_VB
__emulsify_VB
__deepen_VB
__reunify_VB
__exhort_VB
__echo_VB
__emanate_VB
__revamp_VB
__solve_VB
__coalesce_VB
__denote_VB
__imply_VB
__naturalize_VB
__better_VB
__dam_VB
__pace_VB
__trade_VB
__beckon_VB
__flick_VB
__objectify_VB
__wage_VB
__man_VB
__reboot_VB
__fetch_VB
__blotch_VB
__pan_VB
__ape_VB
__mend_VB
__accrete_VB
__rev_VB
__diffuse_VB
__ferment_VB
__conflate_VB
__precede_VB
__presage_VB
__rig_VB
__persuade_VB
__cast_VB
__endanger_VB
__fit_VB
__individualize_VB
__pass_out_VB
__rejoin_VB
__make_fun_VB
__theorize_VB
__certify_VB
__budget_VB
__chop_VB
__enamor_VB
__glow_VB
__spoil_VB
__cope_VB
__advocate_VB
__intone_VB
__download_VB
__disenfranchise_VB
__debark_VB
__bid_VB
__select_VB
__redo_VB
__muddle_VB
__cock_VB
__democratize_VB
__loom_VB
__mistime_VB
__object_VB
__cry_VB
__manoeuver_VB
__prize_VB
__impeach_VB
__keep_up_VB
__incense_VB
__expound_VB
__rust_VB
__bother_VB
__inundate_VB
__perch_VB
__integrate_VB
__wet_VB
__bottom_VB
__host_VB
__compress_VB
__officialize_VB
__serialise_VB
__gauge_VB
__quarter_VB
__materialize_VB
__figure_VB
__think_VB
__quarrel_VB
__dog_VB
__incarcerate_VB
__quarantine_VB
__dazzle_VB
__costume_VB
__conclude_VB
__gall_VB
__except_VB
__lash_VB
__veer_VB
__airlift_VB
__bud_VB
__distribute_VB
__decline_VB
__boom_VB
__saw_VB
__interleave_VB
__encode_VB
__educate_VB
__wear_VB
__normalise_VB
__substantiate_VB
__neutralize_VB
__kick_off_VB
__gouge_VB
__club_VB
__sniff_VB
__charge_VB
__sneeze_VB
__limp_VB
__jack_VB
__browse_VB
__dub_VB
__disband_VB
__knight_VB
__author_VB
__centralize_VB
__amaze_VB
__broach_VB
__pivot_VB
__shell_VB
__aggregate_VB
__advise_VB
__disrupt_VB
__wait_VB
__slash_VB
__legislate_VB
__bestow_VB
__nominate_VB
__christianize_VB
__quote_VB
__replace_VB
__contain_VB
__weightlift_VB
__root_VB
__please_VB
__reclaim_VB
__fry_VB
__abut_VB
__sigh_VB
__oblige_VB
__crusade_VB
__conquer_VB
__team_VB
__bewitch_VB
__bankrupt_VB
__stable_VB
__exorcise_VB
__amplify_VB
__court_VB
__decrease_VB
__wire_VB
__intimidate_VB
__preclude_VB
__import_VB
__humiliate_VB
__disdain_VB
__belie_VB
__take_VB
__sate_VB
__answer_VB
__bust_VB
__cool_VB
__whistle_VB
__launder_VB
__extirpate_VB
__conceptualize_VB
__misjudge_VB
__grasp_VB
__characterize_VB
__slacken_VB
__waver_VB
__inaugurate_VB
__confide_VB
__complement_VB
__condense_VB
__ascend_VB
__mash_VB
__enroll_VB
__corrupt_VB
__meditate_VB
__cooperate_VB
__redouble_VB
__founder_VB
__surge_VB
__brook_VB
__recollect_VB
__journey_VB
__secure_VB
__stray_VB
__cosponsor_VB
__subvert_VB
__summit_VB
__trace_VB
__predecease_VB
__stockpile_VB
__urinate_VB
__oppose_VB
__encapsulate_VB
__hybridize_VB
__fertilize_VB
__curse_VB
__outsource_VB
__buck_VB
__honor_VB
__represent_VB
__vanquish_VB
__moderate_VB
__paste_VB
__masturbate_VB
__detonate_VB
__ghostwrite_VB
__foretell_VB
__print_VB
__creep_VB
__deputize_VB
__top_VB
__organize_VB
__slim_VB
__subscribe_VB
__subserve_VB
__bunch_VB
__harbor_VB
__implore_VB
__operate_VB
__refract_VB
__supervise_VB
__shortlist_VB
__serve_VB
__palpate_VB
__speculate_VB
__gesture_VB
__flare_VB
__underline_VB
__underlie_VB
__underlay_VB
__enable_VB
__undergo_VB
__thatch_VB
__tabulate_VB
__savage_VB
__mate_VB
__jolt_VB
__incriminate_VB
__lease_VB
__bed_VB
__menace_VB
__hypothesize_VB
__abolish_VB
__meet_VB
__initiate_VB
__liquify_VB
__venerate_VB
__slice_VB
__extrude_VB
__corrode_VB
__file_VB
__insist_VB
__copyedit_VB
__faint_VB
__sell_VB
__permeate_VB
__romance_VB
__perturb_VB
__unleash_VB
__hide_VB
__wish_VB
__sing_VB
__flock_VB
__swing_VB
__nab_VB
__jam_VB
__toggle_VB
__troll_VB
__weed_VB
__portray_VB
__pioneer_VB
__ostracise_VB
__recycle_VB
__plagiarize_VB
__moralize_VB
__bristle_VB
__provoke_VB
__remove_VB
__encase_VB
__repulse_VB
__rank_VB
__enhance_VB
__explode_VB
__flag_VB
__divest_VB
__bolt_VB
__give_VB
__constrict_VB
__reenact_VB
__sham_VB
__emphasise_VB
__hunt_VB
__potentiate_VB
__outshine_VB
__disappoint_VB
__saddle_VB
__brim_VB
__familiarize_VB
__decode_VB
__counterattack_VB
__aerate_VB
__intermix_VB
__enshrine_VB
__chase_VB
__darn_VB
__reactivate_VB
__establish_VB
__run_over_VB
__run_into_VB
__prophesy_VB
__pick_VB
__sideline_VB
__sneak_VB
__overemphasize_VB
__hatch_VB
__bowl_VB
__put_on_VB
__embezzle_VB
__put_up_VB
__put_out_VB
__rule_out_VB
__rely_on_VB
__conjecture_VB
__motivate_VB
__sidetrack_VB
__rework_VB
__reinstate_VB
__sacrifice_VB
__marshal_VB
__levy_VB
__colorize_VB
__evade_VB
__circumambulate_VB
__ghost_VB
__abscond_VB
__miscarry_VB
__seep_VB
__regret_VB
__ting_VB
__solidify_VB
__liken_VB
__affirm_VB
__swindle_VB
__front_VB
__debunk_VB
__petition_VB
__tuck_VB
__concur_VB
__line_VB
__bloom_VB
__appease_VB
__relapse_VB
__misappropriate_VB
__sip_VB
__back_VB
__trivialize_VB
__customise_VB
__barricade_VB
__upgrade_VB
__retrace_VB
__consummate_VB
__warrant_VB
__dot_VB
__rear_VB
__quench_VB
__sightsee_VB
__bewail_VB
__chart_VB
__group_VB
__imbue_VB
__configure_VB
__anesthetize_VB
__partner_VB
__cherish_VB
__bus_VB
__parlay_VB
__check_VB
__compromise_VB
__tramp_VB
__recognize_VB
__catalog_VB
__formalise_VB
__survey_VB
__earn_VB
__curtail_VB
__enunciate_VB
__dismount_VB
__engage_VB
__manage_VB
__age_VB
__guess_VB
__hat_VB
__pose_VB
__exhale_VB
__overturn_VB
__unfold_VB
__exasperate_VB
__revenge_VB
__intertwine_VB
__invigorate_VB
__defile_VB
__prove_VB
__amount_VB
__restructure_VB
__knead_VB
__approach_VB
__mispronounce_VB
__dyke_VB
__immobilise_VB
__frighten_VB
__upset_VB
__vow_VB
__castigate_VB
__strand_VB
__propose_VB
__admit_VB
__offer_VB
__thread_VB
__couch_VB
__ride_VB
__jog_VB
__simplify_VB
__march_VB
__correct_VB
__somersault_VB
__deactivate_VB
__believe_VB
__profit_VB
__result_VB
__read_VB
__serenade_VB
__bankroll_VB
__indent_VB
__moonlight_VB
__incorporate_VB
__feud_VB
__empower_VB
__reinvent_VB
__fringe_VB
__total_VB
__rope_VB
__endorse_VB
__detest_VB
__drip_VB
__dawn_VB
__inhibit_VB
__poise_VB
__compensate_VB
__spur_VB
__rationalize_VB
__deprive_VB
__suspect_VB
__quicken_VB
__desegregate_VB
__put_VB
__pay_VB
__speak_VB
__forecast_VB
__note_VB
__bite_VB
__mark_VB
__facilitate_VB
__dress_VB
__ice_VB
__resettle_VB
__anchor_VB
__imprison_VB
__adapt_VB
__drag_VB
__proclaim_VB
__span_VB
__exile_VB
__fictionalize_VB
__tow_VB
__sprinkle_VB
__cram_VB
__encumber_VB
__defect_VB
__decant_VB
__darken_VB
__maltreat_VB
__baptize_VB
__mistrust_VB
__umpire_VB
__halt_VB
__convert_VB
__riot_VB
__languish_VB
__traffic_VB
__autograph_VB
__counter_VB
__lead_VB
__assign_VB
__piece_VB
__welcome_VB
__interchange_VB
__abandon_VB
__grow_VB
__protest_VB
__befall_VB
__glean_VB
__lever_VB
__infest_VB
__defraud_VB
__preserve_VB
__inject_VB
__input_VB
__amputate_VB
__sublet_VB
__cover_VB
__blindfold_VB
__flow_VB
__auction_VB
__obligate_VB
__ravage_VB
__impoverish_VB
__attune_VB
__inconvenience_VB
__strum_VB
__decertify_VB
__put_off_VB
__crib_VB
__resist_VB
__chime_VB
__access_VB
__disfranchise_VB
__federate_VB
__intend_VB
__uncross_VB
__pulse_VB
__shoehorn_VB
__image_VB
__scalp_VB
__contravene_VB
__thunder_VB
__skid_VB
__burden_VB
__bomb_VB
__even_VB
__see_VB
__hospitalise_VB
__tutor_VB
__hog_VB
__photocopy_VB
__prompt_VB
__capsize_VB
__misplay_VB
__warp_VB
__reveal_VB
__escalate_VB
__turn_VB
__reconcile_VB
__prefix_VB
__defeat_VB
__apprentice_VB
__preface_VB
__weight_VB
__beseech_VB
__depend_VB
__surmise_VB
__spit_VB
__decry_VB
__devise_VB
__expropriate_VB
__earmark_VB
__chisel_VB
__moisten_VB
__calibrate_VB
__plead_VB
__retry_VB
__fly_VB
__agree_VB
__thaw_VB
__climb_VB
__wag_VB
__dare_VB
__express_VB
__overwhelm_VB
__professionalize_VB
__straighten_VB
__mirror_VB
__crank_VB
__stomp_VB
__size_VB
__castle_VB
__entrain_VB
__average_VB
__arise_VB
__inspect_VB
__emphasize_VB
__tip_VB
__wash_VB
__network_VB
__linger_VB
__dampen_VB
__frustrate_VB
__vet_VB
__exit_VB
__underestimate_VB
__overbalance_VB
__bewilder_VB
__transform_VB
__avert_VB
__arrest_VB
__transect_VB
__bury_VB
__evacuate_VB
__review_VB
__prick_VB
__rebroadcast_VB
__teleport_VB
__revolt_VB
__stick_up_VB
__discipline_VB
__delist_VB
__improvise_VB
__set_off_VB
__set_up_VB
__stand_up_VB
__sit_down_VB
__name_VB
__theme_VB
__entrance_VB
__like_VB
__shoulder_VB
__daydream_VB
__tile_VB
__till_VB
__abound_VB
__outweigh_VB
__gamble_VB
__dream_VB
__sire_VB
__vitiate_VB
__orphan_VB
__behead_VB
__enlarge_VB
__pool_VB
__revert_VB
__litigate_VB
__love_VB
__return_VB
__subcontract_VB
__surf_VB
__pasteurize_VB
__pit_VB
__crystallize_VB
__attain_VB
__recover_VB
__underperform_VB
__damn_VB
__predetermine_VB
__disapprove_VB
__excoriate_VB
__parole_VB
__ruffle_VB
__jettison_VB
__repaint_VB
__contract_VB
__outbid_VB
__maintain_VB
__stamp_VB
__ski_VB
__fleck_VB
__premise_VB
__burgeon_VB
__diminish_VB
__gravitate_VB
__parse_VB
__skate_VB
__overproduce_VB
__breastfeed_VB
__unpack_VB
__prise_VB
__jeopardize_VB
__plaster_VB
__infatuate_VB
__panel_VB
__complain_VB
__ransom_VB
__perfect_VB
__retell_VB
__overthrow_VB
__smelt_VB
__erupt_VB
__bifurcate_VB
__scratch_VB
__vend_VB
__entrench_VB
__feature_VB
__recline_VB
__traverse_VB
__fill_VB
__boo_VB
__find_VB
__rail_VB
__neutralise_VB
__store_VB
__categorise_VB
__forget_VB
__beat_VB
__filter_VB
__beware_VB
__whiten_VB
__cannibalize_VB
__bilk_VB
__color_VB
__impale_VB
__overwork_VB
__stud_VB
__criticise_VB
__slide_VB
__sever_VB
__pip_VB
__align_VB
__signal_VB
__instantiate_VB
__subjugate_VB
__doom_VB
__riddle_VB
__arrange_VB
__seed_VB
__winter_VB
__whitewash_VB
__gravel_VB
__undercut_VB
__remake_VB
__pull_VB
__rubbish_VB
__benefit_VB
__hack_VB
__actuate_VB
__expel_VB
__discharge_VB
__zero_VB
__embark_VB
__sharpen_VB
__relax_VB
__speed_VB
__fine-tune_VB
__pay_back_VB
__sustain_VB
__acquire_VB
__communicate_VB
__say_VB
__notate_VB
__market_VB
__hit_VB
__congregate_VB
__transpose_VB
__treasure_VB
__placate_VB
__borrow_VB
__treble_VB
__embarrass_VB
__trek_VB
__foreshadow_VB
__slaughter_VB
__hire_VB
__overfly_VB
__toast_VB
__shroud_VB
__drape_VB
__fast_VB
__interdict_VB
__drop_VB
__stipulate_VB
__enumerate_VB
__reform_VB
__metabolize_VB
__sink_VB
__hush_VB
__censor_VB
__collapse_VB
__besmirch_VB
__specialize_VB
__manifest_VB
__open_VB
__case_VB
__judge_VB
__strew_VB
__purge_VB
__denominate_VB
__forward_VB
__pacify_VB
__prosecute_VB
__fight_VB
__raise_VB
__gloat_VB
__buy_VB
__lust_VB
__lactate_VB
__search_VB
__exhume_VB
__decay_VB
__discern_VB
__serialize_VB
__google_VB
__rehabilitate_VB
__herald_VB
__hem_VB
__reexamine_VB
__salt_VB
__misalign_VB
__recuperate_VB
__evoke_VB
__juxtapose_VB
__misfire_VB
__truck_VB
__proofread_VB
__growl_VB
__depolarize_VB
__accuse_VB
__counterbalance_VB
__remonstrate_VB
__authenticate_VB
__condemn_VB
__admire_VB
__rise_VB
__begin_VB
__dive_VB
__toil_VB
__stunt_VB
__maraud_VB
__interject_VB
__monetize_VB
__debug_VB
__disprove_VB
__sub_VB
__uproot_VB
__stuff_VB
__purify_VB
__rouse_VB
__flail_VB
__swipe_VB
__cap_VB
__uncouple_VB
__dissatisfy_VB
__propagandize_VB
__perceive_VB
__cow_VB
__cohabit_VB
__demobilize_VB
__flatten_VB
__enjoy_VB
__snatch_VB
__edit_VB
__round_VB
__disinherit_VB
__harm_VB
__topple_VB
__trump_VB
__dwarf_VB
__shift_VB
__herd_VB
__emigrate_VB
__refrain_VB
__mastermind_VB
__defray_VB
__footnote_VB
__craft_VB
__mute_VB
__traumatise_VB
__goad_VB
__laud_VB
__diagnose_VB
__query_VB
__blackmail_VB
__gnaw_VB
__instal_VB
__interweave_VB
__show_VB
__reheat_VB
__replay_VB
__observe_VB
__click_VB
__proselytize_VB
__soften_VB
__double_VB
__drink_VB
__elaborate_VB
__overhang_VB
__make_up_VB
__master_VB
__melt_VB
__sign_VB
__ream_VB
__dispose_VB
__clothe_VB
__accustom_VB
__cosign_VB
__interfere_VB
__dishearten_VB
__install_VB
__rehearse_VB
__disparage_VB
__eclipse_VB
__hook_VB
__cake_VB
__kit_VB
__destine_VB
__astound_VB
__major_VB
__adjourn_VB
__accede_VB
__transmigrate_VB
__rein_VB
__debit_VB
__decontaminate_VB
__rotate_VB
__follow_VB
__churn_VB
__inoculate_VB
__doubt_VB
__reincarnate_VB
__disbar_VB
__tally_VB
__scoff_VB
__lance_VB
__accent_VB
__prop_VB
__amuse_VB
__bribe_VB
__decompress_VB
__take_out_VB
__take_on_VB
__take_care_VB
__brake_VB
__smash_VB
__switch_on_VB
__attend_VB
__denigrate_VB
__okay_VB
__cling_VB
__rupture_VB
__dispossess_VB
__displease_VB
__discriminate_VB
__rumble_VB
__overdo_VB
__manhandle_VB
__gallop_VB
__amend_VB
__metamorphose_VB
__bitch_VB
__practise_VB
__skimp_VB
__tighten_VB
__implode_VB
__lurk_VB
__headquarter_VB
__implicate_VB
__impede_VB
__mechanize_VB
__ball_VB
__bless_VB
__tangle_VB
__donate_VB
__generalise_VB
__rot_VB
__accredit_VB
__detoxify_VB
__requite_VB
__imbibe_VB
__wake_VB
__insinuate_VB
__fabricate_VB
__reopen_VB
__destroy_VB
__stifle_VB
__fasten_VB
__rip_VB
__abridge_VB
__desire_VB
__betroth_VB
__recoil_VB
__embolden_VB
__remedy_VB
__snare_VB
__tax_VB
__crouch_VB
__champion_VB
__hike_VB
__manufacture_VB
__elate_VB
__cease_VB
__differentiate_VB
__side_VB
__cook_VB
__reckon_VB
__course_VB
__molest_VB
__beam_VB
__toll_VB
__chat_VB
__randomize_VB
__waste_VB
__fan_VB
__evangelise_VB
__camp_VB
__foot_VB
__dunk_VB
__reword_VB
__queue_VB
__slump_VB
__scoop_VB
__dispute_VB
__slur_VB
__value_VB
__stare_VB
__quantize_VB
__fascinate_VB
__submerge_VB
__hint_VB
__discredit_VB
__surpass_VB
__slither_VB
__transcend_VB
__mourn_VB
__simmer_VB
__roll_VB
__destabilize_VB
__buttress_VB
__censure_VB
__bedevil_VB
__measure_VB
__count_VB
__duplicate_VB
__shoot_VB
__dedicate_VB
__trust_VB
__fuel_VB
__opine_VB
__route_VB
__violate_VB
__land_VB
__defy_VB
__seat_VB
__curb_VB
__refurnish_VB
__cushion_VB
__flesh_VB
__scatter_VB
__cluster_VB
__redistribute_VB
__research_VB
__prune_VB
__compare_VB
__let_in_VB
__encircle_VB
__catalogue_VB
__staff_VB
__mob_VB
__prowl_VB
__impart_VB
__pledge_VB
__grieve_VB
__eject_VB
__re-emerge_VB
__merit_VB
__trawl_VB
__declare_VB
__reclassify_VB
__percolate_VB
__interrupt_VB
__down_VB
__contrast_VB
__confiscate_VB
__strain_VB
__burgle_VB
__strive_VB
__ransack_VB
__abet_VB
__bug_VB
__dissect_VB
__near_VB
__mull_VB
__symbolise_VB
__circulate_VB
__tailgate_VB
__strip_VB
__leave_VB
__innervate_VB
__converge_VB
__exaggerate_VB
__shadow_VB
__tether_VB
__toy_VB
__vent_VB
__compound_VB
__medicate_VB
__roam_VB
__latch_VB
__slat_VB
__tackle_VB
__emit_VB
__extinguish_VB
__analyse_VB
__socialise_VB
__cause_VB
__taint_VB
__oxygenate_VB
__edge_VB
__meddle_VB
__stain_VB
__acquit_VB
__etch_VB
__amortize_VB
__automate_VB
__copulate_VB
__collide_VB
__clobber_VB
__orient_VB
__referee_VB
__sin_VB
__enlighten_VB
__harden_VB
__embrace_VB
__spotlight_VB
__extradite_VB
__mail_VB
__pop_VB
__reassign_VB
__restrain_VB
__regard_VB
__deport_VB
__befit_VB
__affront_VB
__level_VB
__crown_VB
__date_VB
__hurt_VB
__despise_VB
__spear_VB
__reflect_VB
__catalyze_VB
__hand-pick_VB
__sideswipe_VB
__intuit_VB
__lampoon_VB
__summon_VB
__spirit_VB
__intervene_VB
__shelve_VB
__retouch_VB
__pry_VB
__blight_VB
__branch_VB
__drown_VB
__publish_VB
__impair_VB
__convoke_VB
__distrust_VB
__hypnotise_VB
__marginalize_VB
__corner_VB
__acclimate_VB
__tremble_VB
__leapfrog_VB
__hone_VB
__recombine_VB
__haunt_VB
__attest_VB
__attempt_VB
__fire_VB
__sweeten_VB
__encrust_VB
__steal_VB
__net_VB
__finger_VB
__radio_VB
__promise_VB
__recapitulate_VB
__befriend_VB
__cripple_VB
__obey_VB
__ration_VB
__forge_VB
__marginalise_VB
__hitchhike_VB
__arm_VB
__tick_VB
__suck_VB
__steam_VB
__grow_into_VB
__pinch_VB
__intersperse_VB
__misremember_VB
__sanction_VB
__neuter_VB
__foreclose_VB
__vote_VB
__vaporize_VB
__plat_VB
__materialise_VB
__overpower_VB
__ornament_VB
__can_VB
__hang_VB
__out_VB
__end_in_VB
__drift_VB
__exploit_VB
__drop_off_VB
__outfit_VB
__blitz_VB
__lapse_VB
__best_VB
__partition_VB
__update_VB
__interrelate_VB
__pronounce_VB
__emboss_VB
__deal_with_VB
__typify_VB
__nucleate_VB
__meter_VB
__synchronize_VB
__complicate_VB
__sand_VB
__portend_VB
__cut_off_VB
__gaze_VB
__redefine_VB
__commence_VB
__transpire_VB
__scream_VB
__bloat_VB
__describe_VB
__photograph_VB
__index_VB
__console_VB
__put_down_VB
__slang_VB
__blacken_VB
__get_VB
__mutiny_VB
__base_VB
__punt_VB
__equal_VB
__worship_VB
__increase_VB
__poll_VB
__try_on_VB
__try_out_VB
__romanize_VB
__use_up_VB
__careen_VB
__travel_VB
__expedite_VB
__debate_VB
__outscore_VB
__lacerate_VB
__lobby_VB
__iron_VB
__scare_VB
__scorch_VB
__galvanize_VB
__ensnare_VB
__redesign_VB
__yearn_VB
__interlock_VB
__twist_VB
__reimburse_VB
__detract_VB
__retaliate_VB
__envy_VB
__grill_VB
__safeguard_VB
__hover_VB
__live_VB
__dislocate_VB
__snarl_VB
__hope_VB
__bypass_VB
__torch_VB
__react_VB
__intercede_VB
__mortgage_VB
__quarterback_VB
__quantify_VB
__tidy_VB
__rewrite_VB
__reiterate_VB
__detail_VB
__incubate_VB
__compile_VB
__plunge_VB
__lend_VB
__depart_VB
__anticipate_VB
__want_VB
__accrue_VB
__understate_VB
__scrub_VB
__quip_VB
__devote_VB
__bark_VB
__title_VB
__occupy_VB
__christen_VB
__secrete_VB
__rid_VB
__repute_VB
__repay_VB
__cheat_VB
__reside_VB
__yell_VB
__resemble_VB
__circumnavigate_VB
__clog_VB
__extrapolate_VB
__spank_VB
__implant_VB
__peg_VB
__concentrate_VB
__pursue_VB
__buffet_VB
__accost_VB
__sync_VB
__obtain_VB
__fare_VB
__usher_VB
__imitate_VB
__clarify_VB
__scandalize_VB
__tickle_VB
__reapportion_VB
__reorganise_VB
__staple_VB
__save_VB
__alter_VB
__balloon_VB
__finish_VB
__hedge_VB
__quiver_VB
__slit_VB
__overburden_VB
__escape_VB
__vaccinate_VB
__slot_VB
__plant_VB
__fin_VB
__lecture_VB
__boil_VB
__regenerate_VB
__crash_VB
__segue_VB
__wall_VB
__hijack_VB
__gap_VB
__pause_VB
__rumor_VB
__shuttle_VB
__skirt_VB
__foil_VB
__suit_VB
__equalise_VB
__preempt_VB
__unionize_VB
__decentralize_VB
__score_VB
__ruin_VB
__rob_VB
__localize_VB
__retrain_VB
__overstate_VB
__account_VB
__eventuate_VB
__vex_VB
__feel_VB
__inscribe_VB
__progress_VB
__scrimp_VB
__bargain_VB
__insure_VB
__wipe_VB
__blink_VB
__lack_VB
__flout_VB
__kick_VB
__unlock_VB
__proliferate_VB
__ensure_VB
__leach_VB
__telescope_VB
__coordinate_VB
__lob_VB
__outwit_VB
__waive_VB
__issue_VB
__alternate_VB
__chip_VB
__lock_VB
__endow_VB
__malfunction_VB
__appear_VB
__scent_VB
__mill_VB
__order_VB
__deflate_VB
__trigger_VB
__award_VB
__entrap_VB
__augment_VB
__dehydrate_VB
__house_VB
__butt_VB
__fell_VB
__attack_VB
__terrify_VB
__wind_VB
__monopolise_VB
__revile_VB
__refund_VB
__overpay_VB
__assist_VB
__hex_VB
__strut_VB
__spawn_VB
__redirect_VB
__subpoena_VB
__refer_VB
__furl_VB
__stagger_VB
__skirmish_VB
__boss_VB
__fete_VB
__maul_VB
__arch_VB
__overshoot_VB
__track_VB
__abstract_VB
__analyze_VB
__fish_VB
__secularize_VB
__entail_VB
__heap_VB
__hammer_VB
__disadvantage_VB
__hypnotize_VB
__remark_VB
__tone_VB
__flap_VB
__predestine_VB
__campaign_VB
__revitalise_VB
__deify_VB
__abrade_VB
__indoctrinate_VB
__rack_VB
__glimpse_VB
__dish_VB
__visualize_VB
__originate_VB
__suffuse_VB
__slop_VB
__discourage_VB
__stagnate_VB
__dash_VB
__spam_VB
__utter_VB
__tag_VB
__people_VB
__paint_VB
__mushroom_VB
__withdraw_VB
__nurture_VB
__unload_VB
__bathe_VB
__beatify_VB
__kill_VB
__trumpet_VB
__bellow_VB
__address_VB
__barnstorm_VB
__eviscerate_VB
__debase_VB
__insulate_VB
__retract_VB
__redact_VB
__penalize_VB
__swoon_VB
__tease_VB
__wager_VB
__awe_VB
__confront_VB
__dab_VB
__recede_VB
__intrude_VB
__slander_VB
__exude_VB
__flaw_VB
__film_VB
__electrify_VB
__necessitate_VB
__comb_VB
__optimize_VB
__prospect_VB
__liberalise_VB
__deal_VB
__subject_VB
__disarm_VB
__shit_VB
__predate_VB
__fracture_VB
__dredge_VB
__prepay_VB
__band_VB
__kindle_VB
__decriminalise_VB
__happen_VB
__distend_VB
__crest_VB
__syndicate_VB
__reconstruct_VB
__encamp_VB
__wreak_VB
__wax_VB
__deem_VB
__start_VB
__dabble_VB
__distract_VB
__saute_VB
__immerse_VB
__preside_VB
__rethink_VB
__numb_VB
__dissociate_VB
__convene_VB
__reserve_VB
__realign_VB
__zap_VB
__recount_VB
__litter_VB
__fence_VB
__insult_VB
__standardize_VB
__gross_VB
__drain_VB
__cheek_VB
__idle_VB
__flatter_VB
__propagate_VB
__comfort_VB
__demarcate_VB
__oxidise_VB
__stand_VB
__engineer_VB
__impel_VB
__smoke_VB
__swivel_VB
__crawl_VB
__adorn_VB
__stride_VB
__devour_VB
__rearrange_VB
__piss_VB
__engulf_VB
__enforce_VB
__energize_VB
__blend_VB
__bludgeon_VB
__hold_on_VB
__spout_VB
__commercialise_VB
__panic_VB
__huddle_VB
__signify_VB
__equate_VB
__hew_VB
__nose_VB
__imbed_VB
__heckle_VB
__bait_VB
__unearth_VB
__induce_VB
__hearken_VB
__reinstall_VB
__haul_VB
__message_VB
__affiliate_VB
__rappel_VB
__wed_VB
__lower_VB
__cost_VB
__crush_VB
__cross_VB
__bode_VB
__outclass_VB
__blanket_VB
__rage_VB
__reprimand_VB
__manoeuvre_VB
__consult_VB
__surround_VB
__loathe_VB
__ratify_VB
__domesticate_VB
__matriculate_VB
__delight_VB
__critique_VB
__accentuate_VB
__emblazon_VB
__park_VB
__guide_VB
__fume_VB
__excrete_VB
__radicalize_VB
__design_VB
__bluff_VB
__pierce_VB
__prod_VB
__reward_VB
__greet_VB
__tot_VB
__provision_VB
__batter_VB
__preview_VB
__centre_VB
__relegate_VB
__copyright_VB
__underscore_VB
__overuse_VB
__swallow_VB
__abduct_VB
__confess_VB
__try_VB
__ray_VB
__discard_VB
__sail_VB
__sadden_VB
__decamp_VB
__hinder_VB
__rediscover_VB
__modify_VB
__hoist_VB
__coin_VB
__risk_VB
__corroborate_VB
__excerpt_VB
__pinpoint_VB
__whine_VB
__whip_VB
__occasion_VB
__split_VB
__seduce_VB
__evaporate_VB
__correlate_VB
__approximate_VB
__slam_VB
__disburse_VB
__energise_VB
__disintegrate_VB
__contact_VB
__meander_VB
__work_VB
__dislodge_VB
__irrigate_VB
__gleam_VB
__misplace_VB
__circumvent_VB
__continue_VB
__mistake_VB
__satirise_VB
__provide_VB
__present_VB
__wail_VB
__clasp_VB
__tar_VB
__heighten_VB
__swear_VB
__ping_VB
__conflict_VB
__let_VB
__identify_VB
__inhabit_VB
__obsess_VB
__pen_VB
__lug_VB
__strap_VB
__derive_VB
__assure_VB
__hump_VB
__pound_VB
__ditch_VB
__dominate_VB
__boost_VB
__frequent_VB
__promote_VB
__move_VB
__flank_VB
__duck_VB
__acknowledge_VB
__presume_VB
__atone_VB
__shower_VB
__service_VB
__polarise_VB
__breed_VB
__chafe_VB
__pluck_VB
__rant_VB
__solemnize_VB
__fault_VB
__hoard_VB
__solo_VB
__modernize_VB
__embed_VB
__cart_VB
__plagiarise_VB
__maneuver_VB
__retire_VB
__acquaint_VB
__recast_VB
__exhaust_VB
__decompose_VB
__illustrate_VB
__specify_VB
__rename_VB
__slant_VB
__spy_VB
__fling_VB
__subdivide_VB
__swerve_VB
__caress_VB
__bustle_VB
__bubble_VB
__deflect_VB
__embargo_VB
__sue_VB
__suffice_VB
__deliberate_VB
__offset_VB
__harbour_VB
__outnumber_VB
__enlist_VB
__rendezvous_VB
__stick_VB
__decrypt_VB
__squirt_VB
__detour_VB
__circumcise_VB
__personify_VB
__overlap_VB
__diverge_VB
__cough_VB
__honour_VB
__emplace_VB
__quit_VB
__buff_VB
__twin_VB
__nurse_VB
__neck_VB
__extract_VB
__pitch_VB
__corral_VB
__customize_VB
__thwart_VB
__lace_VB
__erode_VB
__impersonate_VB
__prostitute_VB
__startle_VB
__rebut_VB
__innovate_VB
__skyrocket_VB
__defecate_VB
__encroach_VB
__repent_VB
__bisect_VB
__heed_VB
__disclose_VB
__efface_VB
__lessen_VB
__infer_VB
__coincide_VB
__dent_VB
__brief_VB
__generate_VB
__tap_VB
__accomplish_VB
__sidestep_VB
__disillusion_VB
__reabsorb_VB
__ablate_VB
__co-author_VB
__swap_VB
__undress_VB
__smooth_VB
__countenance_VB
__outfight_VB
__fathom_VB
__brawl_VB
__sabotage_VB
__practice_VB
__debut_VB
__school_VB
__expect_VB
__enjoin_VB
__congratulate_VB
__dramatize_VB
__forage_VB
__regulate_VB
__conspire_VB
__legitimize_VB
__dust_VB
__electrocute_VB
__conjugate_VB
__inform_VB
__sequester_VB
__re-equip_VB
__structure_VB
__misread_VB
__dilate_VB
__tout_VB
__rustle_VB
__plait_VB
__renew_VB
__crave_VB
__sponsor_VB
__rule_VB
__outflank_VB
__spray_VB
__digitize_VB
__harmonize_VB
__plot_VB
__appeal_VB
__shackle_VB
__prim_VB
__die_VB
__rat_VB
__banish_VB
__axe_VB
__intercept_VB
__alienate_VB
__criminalize_VB
__shade_VB
__glance_VB
__steady_VB
__carve_VB
__focus_VB
__lasso_VB
__deregulate_VB
__slip_VB
__sting_VB
__rescue_VB
__bundle_VB
__desert_VB
__irradiate_VB
__confine_VB
__designate_VB
__convince_VB
__criticize_VB
__chant_VB
__disgorge_VB
__thrust_VB
__shock_VB
__outsell_VB
__train_VB
__motor_VB
__engrave_VB
__outpace_VB
__contest_VB
__sear_VB
__mutilate_VB
__eye_VB
__celebrate_VB
__slight_VB
__elute_VB
__gore_VB
__forestall_VB
__eradicate_VB
__dismantle_VB
__whisk_VB
__flourish_VB
__deluge_VB
__regress_VB
__perplex_VB
__transmute_VB
__liquidate_VB
__clamber_VB
__shirk_VB
__murmur_VB
__visit_VB
__canoe_VB
__barge_VB
__knot_VB
__rough_VB
__solicit_VB
__stroke_VB
__deposit_VB
__despatch_VB
__reignite_VB
__lag_VB
__assassinate_VB
__deforest_VB
__postulate_VB
__venture_VB
__desensitize_VB
__polarize_VB
__stroll_VB
__embroider_VB
__ford_VB
__stoop_VB
__picture_VB
__broadcast_VB
__look_on_VB
__acclaim_VB
__negate_VB
__have_VB
__hold_VB
__helm_VB
__poke_VB
__upend_VB
__hark_VB
__unmask_VB
__brave_VB
__vault_VB
__stash_VB
__delete_VB
__grate_VB
__vanish_VB
__fiddle_VB
__vandalize_VB
__flit_VB
__resolve_VB
__plow_VB
__remediate_VB
__ripple_VB
__antagonise_VB
__sculpture_VB
__wheel_VB
__groove_VB
__applaud_VB
__chair_VB
__superimpose_VB
__awake_VB
__buckle_VB
__liberate_VB
__hesitate_VB
__study_VB
__match_VB
__smite_VB
__stabilize_VB
__consecrate_VB
__pack_VB
__besiege_VB
__flood_VB
__skewer_VB
__epitomise_VB
__further_VB
__explore_VB
__draft_VB
__mobilise_VB
__forgo_VB
__stutter_VB
__grunt_VB
__assent_VB
__oppress_VB
__bound_VB
__crackle_VB
__grant_VB
__captivate_VB
__trim_VB
__offend_VB
__revolutionise_VB
__dispense_VB
__subtend_VB
__shred_VB
__clip_VB
__peak_VB
__degenerate_VB
__fork_VB
__roil_VB
__crumble_VB
__pawn_VB
__shriek_VB
__immortalise_VB
__relish_VB
__horrify_VB
__coax_VB
__addict_VB
__disbelieve_VB
__draw_VB
__sleep_VB
__flex_VB
__deliver_VB
__overshadow_VB
__chirp_VB
__look_VB
__become_VB
__overheat_VB
__talk_VB
__ooze_VB
__hash_VB
__rebuff_VB
__stump_VB
__repossess_VB
__billow_VB
__extort_VB
__characterise_VB
__interpose_VB
__plough_VB
__drug_VB
__malt_VB
__entangle_VB
__ridicule_VB
__girdle_VB
__redress_VB
__brevet_VB
__allude_VB
__lift_VB
__validate_VB
__tear_VB
__gloss_VB
__specialise_VB
__scam_VB
__rout_VB
__boat_VB
__fumble_VB
__overlay_VB
__plumb_VB
__galvanise_VB
__fortify_VB
__unfurl_VB
__refresh_VB
__append_VB
__remarry_VB
__harness_VB
__remand_VB
__moot_VB
__trickle_VB
__drill_VB
__shag_VB
__navigate_VB
__suppose_VB
__adventure_VB
__multiply_VB
__mandate_VB
__patent_VB
__accept_VB
__pepper_VB
__camouflage_VB
__belittle_VB
__demo_VB
__rely_VB
__deplete_VB
__type_VB
__overextend_VB
__excavate_VB
__tailor_VB
__heave_VB
__typeset_VB
__beg_VB
__deploy_VB
__contaminate_VB
__dribble_VB
__suggest_VB
__retrofit_VB
__contend_VB
__spurt_VB
__shorten_VB
__advertise_VB
__apprise_VB
__expose_VB
__alleviate_VB
__step_VB
__suckle_VB
__twiddle_VB
__decriminalize_VB
__overlook_VB
__center_VB
__inflate_VB
__swab_VB
__pulverize_VB
__outplay_VB
__winch_VB
__cache_VB
__end_VB
__ionise_VB
__circle_VB
__wrong_VB
__reconquer_VB
__digest_VB
__toughen_VB
__overreach_VB
__cop_VB
__persist_VB
__overdose_VB
__disassemble_VB
__snuff_VB
__adhere_VB
__populate_VB
__protrude_VB
__trot_VB
__irk_VB
__rehash_VB
__troop_VB
__letter_VB
__remodel_VB
__disclaim_VB
__impress_VB
__inherit_VB
__eavesdrop_VB
__stream_VB
__number_VB
__snort_VB
__oscillate_VB
__gift_VB
__evidence_VB
__brace_VB
__hype_VB
__bide_VB
__streamline_VB
__sweat_VB
__fantasize_VB
__flaunt_VB
__disfigure_VB
__mention_VB
__license_VB
__interlink_VB
__overwrite_VB
__profiteer_VB
__retransmit_VB
__empathize_VB
__push_VB
__reorder_VB
__perpetuate_VB
__outlast_VB
__pressure_VB
__found_VB
__voyage_VB
__filibuster_VB
__smother_VB
__lick_VB
__reintroduce_VB
__howl_VB
__victimize_VB
__bolster_VB
__beach_VB
__peddle_VB
__rake_VB
__spice_VB
__anglicize_VB
__fertilise_VB
__bottle_VB
__pat_VB
__detect_VB
__mistreat_VB
__refocus_VB
__mouth_VB
__record_VB
__metabolise_VB
__unite_VB
__impugn_VB
__prolong_VB
__transplant_VB
__redevelop_VB
__ensconce_VB
__assault_VB
__articulate_VB
__undermine_VB
__christianise_VB
__sprain_VB
__guillotine_VB
__forfeit_VB
__mitigate_VB
__delve_VB
__reciprocate_VB
__scroll_VB
__chain_VB
__cleave_VB
__demodulate_VB
__fresco_VB
__nick_VB
__thrive_VB
__squeak_VB
__surprise_VB
__concede_VB
__blur_VB
__synthesise_VB
__jump-start_VB
__refill_VB
__shake_VB
__emcee_VB
__command_VB
__supply_VB
__plummet_VB
__program_VB
__carry_on_VB
__clutch_VB
__furnish_VB
__affix_VB
__deserve_VB
__telephone_VB
__place_VB
__vaunt_VB
__calm_VB
__fund_VB
__dowse_VB
__seem_VB
__buss_VB
__smell_VB
__shepherd_VB
__prejudice_VB
__verge_VB
__teach_VB
__gossip_VB
__port_VB
__diversify_VB
__pray_VB
__construe_VB
__transition_VB
__moon_VB
__demolish_VB
__blossom_VB
__recognise_VB
__taunt_VB
__savor_VB
__sack_VB
__circularize_VB
__wrack_VB
__consign_VB
__distance_VB
__adjudge_VB
__nag_VB
__handcuff_VB
__trouble_VB
__breach_VB
__bail_VB
__reference_VB
__flop_VB
__canvass_VB
__disembark_VB
__experiment_VB
__emancipate_VB
__blind_VB
__triumph_VB
__behave_VB
__firebomb_VB
__cognize_VB
__premier_VB
__hobble_VB
__locate_VB
__emasculate_VB
__freak_VB
__confer_VB
__institute_VB
__synchronise_VB
__conceive_VB
__recapture_VB
__gazette_VB
__snag_VB
__restate_VB
__square_VB
__exercise_VB
__dwindle_VB
__relativize_VB
__computerize_VB
__relearn_VB
__relent_VB
__relive_VB
__relocate_VB
__enthral_VB
__preform_VB
__reel_VB
__arouse_VB
__belong_VB
__fold_VB
__dangle_VB
__despair_VB
__thicken_VB
__circumscribe_VB
__muff_VB
__grope_VB
__output_VB
__belt_VB
__expunge_VB
__joke_VB
__layer_VB
__determine_VB
__destabilise_VB
__watch_VB
__evangelize_VB
__achieve_VB
__devolve_VB
__volunteer_VB
__recant_VB
__bench_VB
__dehumanize_VB
__pontificate_VB
__stitch_VB
__preoccupy_VB
__reallocate_VB
__glide_VB
__mound_VB
__pilfer_VB
__mismanage_VB
__jab_VB
__gear_VB
__outgrow_VB
__doctor_VB
__disown_VB
__obviate_VB
__neighbor_VB
__encourage_VB
__await_VB
__snake_VB
__field_VB
__infuriate_VB
__vouch_VB
__rim_VB
__wrest_VB
__coat_VB
__notice_VB
__veil_VB
__factor_VB
__testify_VB
__maximize_VB
__boot_VB
__brainwash_VB
__miscalculate_VB
__squat_VB
__court-martial_VB
__decease_VB
__inflect_VB
__pocket_VB
__realise_VB
__delegate_VB
__protect_VB
__initialize_VB
__divorce_VB
__precipitate_VB
__romanticize_VB
__remind_VB
__replicate_VB
__approve_VB
__resound_VB
__sway_VB
__troubleshoot_VB
__reprise_VB
__resonate_VB
__punctuate_VB
__wobble_VB
__rejoice_VB
__jerk_VB
__sport_VB
__feast_VB
__burnish_VB
__glaze_VB
__actualize_VB
__wow_VB
__scuttle_VB
__pass_VB
__bootleg_VB
__mollify_VB
__jump_VB
__reminisce_VB
__shame_VB
__invade_VB
__surmount_VB
__gather_VB
__sweep_VB
__underwrite_VB
__foul_VB
__shun_VB
__salute_VB
__sum_VB
__recall_VB
__collude_VB
__harmonise_VB
__culminate_VB
__button_VB
__trail_VB
__stave_VB
__retort_VB
__survive_VB
__right_VB
__renege_VB
__lay_VB
__wear_out_VB
__stumble_VB
__perforate_VB
__idealize_VB
__wipe_off_VB
__appreciate_VB
__invite_VB
__canonise_VB
__connect_VB
__expand_VB
__skim_VB
__editorialize_VB
__unseat_VB
__meld_VB
__pulsate_VB
__leaven_VB
__prevail_VB
__seize_VB
__overstep_VB
__spring_VB
__depict_VB
__truncate_VB
__imprint_VB
__maim_VB
__contribute_VB
__minimise_VB
__exact_VB
__bum_VB
__elicit_VB
__weaponize_VB
__subtitle_VB
__bias_VB
__telecast_VB
__mow_VB
__content_VB
__elude_VB
__revise_VB
__parcel_VB
__swamp_VB
__temper_VB
__blame_VB
__distinguish_VB
__exalt_VB
__formalize_VB
__machine_VB
__nestle_VB
__deceive_VB
__encompass_VB
__range_VB
__hug_VB
__generalize_VB
__exempt_VB
__schedule_VB
__proscribe_VB
__sterilize_VB
__choke_VB
__rate_VB
__subsist_VB
__lengthen_VB
__prefigure_VB
__decouple_VB
__conserve_VB
__ensue_VB
__immobilize_VB
__dye_VB
__fuck_VB
__rerun_VB
__inhale_VB
__position_VB
__reinforce_VB
__boycott_VB
__key_VB
__rifle_VB
__pour_VB
__ballot_VB
__astonish_VB
__thump_VB
__disorganize_VB
__uphold_VB
__reconvene_VB
__unwind_VB
__desecrate_VB
__bill_VB
__dislike_VB
__depress_VB
__instill_VB
__injure_VB
__discuss_VB
__atomize_VB
__broaden_VB
__undervalue_VB
__frown_VB
__festoon_VB
__stigmatize_VB
__revoke_VB
__teem_VB
__commentate_VB
__hear_VB
__inflame_VB
__bicycle_VB
__request_VB
__hemorrhage_VB
__resurface_VB
__imperil_VB
__reason_VB
__sneer_VB
__effect_VB
__illuminate_VB
__ply_VB
__estimate_VB
__disable_VB
__warn_VB
__produce_VB
__recreate_VB
__spell_VB
__crystallise_VB
__disorder_VB
__stir_VB
__override_VB
__involve_VB
__re-enter_VB
__mould_VB
__uplift_VB
__nod_VB
__upholster_VB
__reverberate_VB
__rag_VB
__suspend_VB
__unplug_VB
__afford_VB
__rummage_VB
__intrigue_VB
__mistranslate_VB
__starve_VB
__comply_VB
__bequeath_VB
__heel_VB
__fat_VB
__dismay_VB
__bring_VB
__exchange_VB
__disestablish_VB
__deny_VB
__balk_VB
__compose_VB
__leverage_VB
__overrun_VB
__blacklist_VB
__amalgamate_VB
__vest_VB
__shut_VB
__bamboozle_VB
__sheer_VB
__flounder_VB
__rivet_VB
__shelter_VB
__fatten_VB
__repudiate_VB
__rib_VB
__disfavor_VB
__propitiate_VB
__pervade_VB
__weaken_VB
__codify_VB
__label_VB
__rattle_VB
__brush_VB
__simulate_VB
__ticket_VB
__break_VB
__disrespect_VB
__overgrow_VB
__clamp_VB
__recap_VB
__decree_VB
__massacre_VB
__interpolate_VB
__invert_VB
__inactivate_VB
__disagree_VB
__reimpose_VB
__mean_VB
__undo_VB
__conform_VB
__constitute_VB
__pertain_VB
__unsettle_VB
__gestate_VB
__entice_VB
__adore_VB
__boggle_VB
__point_VB
__test_VB
__mantle_VB
__fart_VB
__stimulate_VB
__yank_VB
__fashion_VB
__browbeat_VB
__skip_VB
__canonize_VB
__disseminate_VB
__section_VB
__confabulate_VB
__tint_VB
__combat_VB
__beautify_VB
__spoof_VB
__voice_VB
__border_VB
__entwine_VB
__vibrate_VB
__whet_VB
__refute_VB
__resign_VB
__hawk_VB
__transcribe_VB
__star_VB
__bang_VB
__muddy_VB
__respire_VB
__reproach_VB
__polymerize_VB
__fondle_VB
__quack_VB
__caption_VB
__mint_VB
__nullify_VB
__satisfy_VB
__shoplift_VB
__pummel_VB
__chug_VB
__document_VB
__deign_VB
__picket_VB
__marry_VB
__thirst_VB
__reaffirm_VB
__reconvert_VB
__grapple_VB
__pee_VB
__reappear_VB
__deduce_VB
__praise_VB
__polish_VB
__angle_VB
__gyrate_VB
__overrule_VB
__shoe_VB
__reunite_VB
__incarnate_VB
__liquefy_VB
__dwell_VB
__stop_VB
__scorn_VB
__excise_VB
__package_VB
__gnash_VB
__consent_VB
__govern_VB
__slew_VB
__stage_VB
__kidnap_VB
__correspond_VB
__prorogue_VB
__shrug_VB
__interconnect_VB
__tense_VB
__renegotiate_VB
__spread_VB
__suffocate_VB
__sit_VB
__apologize_VB
__douse_VB
__woo_VB
__rekindle_VB
__appeal_to_VB
__demean_VB
__purport_VB
__warm_VB
__interlace_VB
__mime_VB
__word_VB
__mug_VB
__brandish_VB
__disengage_VB
__pervert_VB
__transmit_VB
__revisit_VB
__commission_VB
__impact_VB
__default_VB
__glue_VB
__engender_VB
__scale_VB
__control_VB
__reprocess_VB
__advise_against_VB
__nap_VB
__abate_VB
__stretch_VB
__face_VB
__resent_VB
__nudge_VB
__consume_VB
__deaminate_VB
__disgruntle_VB
__rationalise_VB
__reload_VB
__purchase_VB
__brood_VB
__gate_VB
__redound_VB
__cascade_VB
__overwinter_VB
__brighten_VB
__single_VB
__swim_VB
__synthesize_VB
__toss_VB
__sprawl_VB
__mire_VB
__derail_VB
__hum_VB
__liberalize_VB
__wink_VB
__rain_VB
__contort_VB
__legalize_VB
__situate_VB
__standardise_VB
__visualise_VB
__phrase_VB
__withhold_VB
__hurl_VB
__impend_VB
__politicize_VB
__republish_VB
__eschew_VB
__paralyze_VB
__light_VB
__mobilize_VB
__permit_VB
__proceed_VB
__ink_VB
__comprise_VB
__puzzle_VB
__redecorate_VB
__hazard_VB
__part_VB
__lull_VB
__feign_VB
__manumit_VB
__segregate_VB
__manipulate_VB
__dramatise_VB
__company_VB
__inculcate_VB
__escort_VB
__patronise_VB
__announce_VB
__chide_VB
__telegraph_VB
__comprehend_VB
__stall_VB
__dovetail_VB
__parody_VB
__mutter_VB
__marvel_VB
__satirize_VB
__squelch_VB
__terrorise_VB
__overtop_VB
__infiltrate_VB
__subordinate_VB
__tumble_VB
__table_VB
__conscript_VB
__charter_VB
__clink_VB
__soar_VB
__code_VB
__bicker_VB
__legitimate_VB
__supplement_VB
__frame_VB
__discolor_VB
__look_up_VB
__inquire_VB
__submit_VB
__leap_VB
__disentangle_VB
__anoint_VB
__alarm_VB
__cite_VB
__treat_VB
__jut_VB
__rectify_VB
__box_VB
__suture_VB
__refuel_VB
__ram_VB
__institutionalize_VB
__prosper_VB
__complete_VB
__labor_VB
__dupe_VB
__enfranchise_VB
__reconsider_VB
__sprout_VB
__liaise_VB
__vomit_VB
__memorise_VB
__checkmate_VB
__upload_VB
__bread_VB
__ameliorate_VB
__muffle_VB
__hibernate_VB
__gulp_VB
__countersign_VB
__reset_VB
__rinse_VB
__acidify_VB
__gas_VB
__misconstrue_VB
__clutter_VB
__isolate_VB
__succeed_VB
__allocate_VB
__franchise_VB
__buffer_VB
__email_VB
__compute_VB
__desist_VB
__envelop_VB
__clinch_VB
__prevent_VB
__blanch_VB
__add_up_VB
__inflict_VB
__stalk_VB
__allow_for_VB
__aim_at_VB
__agree_with_VB
__vacation_VB
__crunch_VB
__mishandle_VB
__honk_VB
__entrust_VB
__plan_VB
__decorate_VB
__misdirect_VB
__slough_VB
__reuse_VB
__sift_VB
__apologise_VB
__report_VB
__deduct_VB
__stiffen_VB
__parry_VB
__scrap_VB
__gun_VB
__leak_VB
__agitate_VB
__array_VB
__swathe_VB
__wane_VB
__distil_VB
__assume_VB
__divine_VB
__wend_VB
__dismember_VB
__succumb_VB
__brew_VB
__overcharge_VB
__keel_VB
__typecast_VB
__avenge_VB
__peer_VB
__soil_VB
__clash_VB
__crossbreed_VB
__punish_VB
__reelect_VB
__thrill_VB
__roast_VB
__fax_VB
__shape_VB
__chamber_VB
__rock_VB
__centralise_VB
__rocket_VB
__befuddle_VB
__seal_VB
__wring_VB
__fear_VB
__steep_VB
__commercialize_VB
__terrorize_VB
__reshape_VB
__fall_VB
__laugh_VB
__tamper_VB
__equalize_VB
__define_VB
__wilt_VB
__tame_VB
__tour_VB
__renounce_VB
__profile_VB
__air_VB
__veto_VB
__repress_VB
__streak_VB
__stratify_VB
__pipe_VB
__spat_VB
__crew_VB
__morph_VB
__weld_VB
__utilize_VB
__nickname_VB
__tend_VB
__dice_VB
__misprint_VB
__clamor_VB
__ponder_VB
__afflict_VB
__reawaken_VB
__moor_VB
__reread_VB
__induct_VB
__flog_VB
__trash_VB
__decapitate_VB
__embody_VB
__shy_VB
__overestimate_VB
__relate_VB
__carbonate_VB
__barter_VB
__usurp_VB
__utilise_VB
__mingle_VB
__exert_VB
__snowboard_VB
__expire_VB
__requisition_VB
__subsidize_VB
__enfilade_VB
__outmaneuver_VB
__annul_VB
__flash_VB
__re-examine_VB
__clue_VB
__conduct_VB
__sympathise_VB
__zoom_VB
__shovel_VB
__black_VB
__question_VB
__pigment_VB
__chronicle_VB
__bash_VB
__annihilate_VB
__overreact_VB
__reassert_VB
__outperform_VB
__devalue_VB
__pelt_VB
__finalize_VB
__rebuild_VB
__rhyme_VB
__yellow_VB
__badge_VB
__fine_VB
__insert_VB
__excite_VB
__alloy_VB
__dishonor_VB
__depreciate_VB
__hollow_VB
__decide_VB
__vilify_VB
__smile_VB
__spiral_VB
__perish_VB
__caricature_VB
__loop_VB
__deplore_VB
__pollinate_VB
__blue_VB
__snap_VB
__hand_VB
__notch_VB
__sight_VB
__brag_VB
__wonder_VB
__epitomize_VB
__impute_VB
__shop_VB
__inseminate_VB
__bet_VB
__flicker_VB
__liven_VB
__transfer_VB
__regurgitate_VB
__war_VB
__tarnish_VB
__mentor_VB
__translate_VB
__slay_VB
__organise_VB
__ward_VB
__arrive_VB
__pair_VB
__immigrate_VB
__incapacitate_VB
__speckle_VB
__bask_VB
__ring_VB
__transfigure_VB
__endeavor_VB
__demote_VB
__display_VB
__intermarry_VB
__birth_VB
__unveil_VB
__attach_VB
__recommence_VB
__vegetate_VB
__abuse_VB
__forgive_VB
__time_VB
__formulate_VB
__muster_VB
__entertain_VB
__gel_VB
__retard_VB
__funnel_VB
__offload_VB
__denounce_VB
__slope_VB
__sow_VB
__extricate_VB
__reintegrate_VB
__affect_VB
__taxi_VB
__eulogize_VB
__mass_VB
__transgress_VB
__coerce_VB
__fend_VB
__twirl_VB
__kayak_VB
__bore_VB
__withstand_VB
__lunge_VB
__abort_VB
__monopolize_VB
__limit_VB
__lodge_VB
__book_VB
__pasture_VB
__enrol_VB
__pin_VB
__tessellate_VB
__crisscross_VB
__transact_VB
__wave_VB
__idolise_VB
__tell_VB
__adopt_VB
__damage_VB
__denude_VB
__cloak_VB
__enquire_VB
__bag_VB
__flay_VB
__handle_VB
__drench_VB
__infect_VB
__hitch_VB
__envision_VB
__toe_VB
__attenuate_VB
__incur_VB
__pillage_VB
__bawl_VB
__televise_VB
__will_VB
__molt_VB
__overcome_VB
__revere_VB
__reassure_VB
__soothe_VB
__reschedule_VB
__deteriorate_VB
__curve_VB
__encrypt_VB
__thumb_VB
__suppress_VB
__battle_VB
__vacuum_VB
__embroil_VB
__link_VB
__develop_VB
__collect_VB
__ferry_VB
__revitalize_VB
__phone_VB
__rap_VB
__levitate_VB
__help_VB
__itch_VB
__bob_VB
__lubricate_VB
__bat_VB
__adjudicate_VB
__buoy_VB
__sling_VB
__quash_VB
__fulfil_VB
__exacerbate_VB
__supplant_VB
__erase_VB
__lynch_VB
__second_VB
__coal_VB
__apply_for_VB
__compel_VB
__falsify_VB
__outrank_VB
__ordain_VB
__tunnel_VB
__headline_VB
__burrow_VB
__felt_VB
__pave_VB
__deconstruct_VB
__plague_VB
__reap_VB
__disconnect_VB
__normalize_VB
__tie_VB
__inter_VB
__grow_out_VB
__bully_VB
__exist_VB
__roleplay_VB
__burglarize_VB
__disregard_VB
__fraternize_VB
__widow_VB
__construct_VB
__compete_VB
__owe_VB
__deter_VB
__pressurize_VB
__mix_VB
__grab_VB
__economise_VB
__embitter_VB
__oust_VB
__mind_VB
__systematize_VB
__wrangle_VB
__stick_to_VB
__count_on_VB
__lambast_VB
__maroon_VB
__log_VB
__reorganize_VB
__retrieve_VB
__peck_VB
__titrate_VB
__collar_VB
__format_VB
__heal_VB
__hiss_VB
__drool_VB
__shed_VB
__ruff_VB
__predispose_VB
__flush_VB
__magnify_VB
__mortify_VB
__show_up_VB
__post_VB
__repatriate_VB
__endure_VB
__discover_VB
__swag_VB
__page_VB
__roof_VB
__repel_VB
__vacate_VB
__extol_VB
__tack_VB
__transliterate_VB
__refurbish_VB
__bleach_VB
__pride_VB
__slave_VB
__backtrack_VB
__swell_VB
__infuse_VB
__vocalize_VB
__opt_VB
__prey_VB
__ricochet_VB
__maximise_VB
__exemplify_VB
__cod_VB
__whirl_VB
__sensitize_VB
__unwrap_VB
__last_VB
__dodge_VB
__iterate_VB
__busk_VB
__spearhead_VB
__tan_VB
__knit_VB
__grade_VB
__combine_VB
__nationalize_VB
__dethrone_VB
__snicker_VB
__flip_VB
__contraindicate_VB
__coach_VB
__fulfill_VB
__downsize_VB
__recommend_VB
__clock_VB
__poach_VB
__tinker_VB
__pot_VB
__enthrone_VB
__untie_VB
__rival_VB
__commandeer_VB
__abide_VB
__dig_VB
__ripen_VB
__err_VB
__berth_VB
__account_for_VB
__loosen_VB
__execute_VB
__convulse_VB
__absorb_VB
__anger_VB
__rave_VB
__mess_VB
__intern_VB
__milk_VB
__ambush_VB
__outrage_VB
__clamour_VB
__gasp_VB
__desiccate_VB
__oversee_VB
__cycle_VB
__relinquish_VB
__catch_VB
__feed_VB
__subside_VB
__depose_VB
__dance_VB
__proposition_VB
__abide_by_VB
__permute_VB
__underplay_VB
__board_VB
__splatter_VB
__scout_VB
__elope_VB
__peek_VB
__oxidize_VB
__devastate_VB
__emerge_VB
__counsel_VB
__blaze_VB
__nix_VB
__defame_VB
__shunt_VB
__breathe_VB
__demystify_VB
__party_VB
__press_VB
__lurch_VB
__shield_VB
__verify_VB
__prohibit_VB
__flavor_VB
__circuit_VB
__recharge_VB
__disallow_VB
__divulge_VB
__resurrect_VB
__recalculate_VB
__coast_VB
__gash_VB
__deck_VB
__rebuke_VB
__verse_VB
__terminate_VB
__interrogate_VB
__resurge_VB
__sew_VB
__flirt_VB
__shove_VB
__connote_VB
__participate_VB
__dock_VB
__transfuse_VB
__solder_VB
__divert_VB
__landscape_VB
__overhear_VB
__scavenge_VB
__dull_VB
__farm_VB
__sense_VB
__splash_VB
__reinvigorate_VB
__oversimplify_VB
__purvey_VB
__sketch_VB
__skew_VB
__pester_VB
__skateboard_VB
__restart_VB
__reign_VB
__tweak_VB
__animate_VB
__rend_VB
__refinance_VB
__worm_VB
__pad_VB
__oil_VB
__buzz_VB
__lap_VB
__station_VB
__anthologize_VB
__paraphrase_VB
__hydrolyze_VB
__reconstitute_VB
__pirate_VB
__homestead_VB
__incinerate_VB
__hydrate_VB
__tune_VB
__apportion_VB
__mangle_VB
__spill_VB
__swoop_VB
__term_VB
__pal_VB
__squeeze_VB
__resuscitate_VB
__twitch_VB
__overprint_VB
__sodomize_VB
__kneel_VB
__replenish_VB
__balance_VB
__finance_VB
__nuke_VB
__space_VB
__fragment_VB
__inlay_VB
__bath_VB
__spark_VB
__vandalise_VB
__palm_VB
__swirl_VB
__shipwreck_VB
__explicate_VB
__castrate_VB
__eulogise_VB
__enter_VB
__presuppose_VB
__loose_VB
__discount_VB
__predicate_VB
__lade_VB
__mystify_VB
__abhor_VB
__catalyse_VB
__gush_VB
__waterproof_VB
__tilt_VB
__trademark_VB
__abrogate_VB
__incline_VB
__narrate_VB
__administer_VB
__dilute_VB
__assail_VB
__nourish_VB
__conciliate_VB
__outline_VB
__audit_VB
__snub_VB
__delay_VB
__exclude_VB
__overtake_VB
__rephrase_VB
__ascertain_VB
__delimit_VB
__render_VB
__minister_VB
__promulgate_VB
__acquiesce_VB
__baptise_VB
__tender_VB
__procure_VB
__internalize_VB
__use_VB
__disavow_VB
__hole_VB
__eliminate_VB
__hinge_VB
__worsen_VB
__model_VB
__shout_VB
__experience_VB
__optimise_VB
__amass_VB
__long_VB
__decentralise_VB
__privatize_VB
__endear_VB
__privatise_VB
__arc_VB
__magnetize_VB
__rive_VB
__authorize_VB
__ascribe_VB
__scan_VB
__propound_VB
__harken_VB
__broker_VB
__bombard_VB
__steer_VB
__defibrillate_VB
__kiss_VB
__surface_VB
__pattern_VB
__restore_VB
__contrive_VB
__equip_VB
__preach_VB
__backfire_VB
__cue_VB
__reassess_VB
__eat_VB
__harry_VB
__credit_VB
__cater_VB
__hate_VB
__chew_VB
__exceed_VB
__cut_in_VB
__notify_VB
__plunder_VB
__paralyse_VB
__ax_VB
__crowd_VB
__stem_VB
__diss_VB
__cloud_VB
__prefer_VB
__unnerve_VB
__fair_VB
__bump_into_VB
__bring_up_VB
__call_off_VB
__care_for_VB
__call_on_VB
__confound_VB
__carry_over_VB
__pander_VB
__favor_VB
__aggravate_VB
__phase_VB
__misuse_VB
__assert_VB
__plug_VB
__duel_VB
__botch_VB
__malign_VB
__spook_VB
__gird_VB
__kick-start_VB
__foment_VB
__mar_VB
__rebel_VB
__re-start_VB
__conjure_VB
__transit_VB
__seam_VB
__brown_VB
__source_VB
__counteract_VB
__backdate_VB
__vindicate_VB
__disinter_VB
__coexist_VB
__declassify_VB
__persevere_VB
__aspirate_VB
__bear_VB
__dictate_VB
__launch_VB
__summarize_VB
__swat_VB
__reissue_VB
__triple_VB
__separate_VB
__memorize_VB
__screen_VB
__criminalise_VB
__internationalize_VB
__enchant_VB
__allot_VB
__dissuade_VB
__thin_VB
__possess_VB
__reassemble_VB
__dope_VB
__pretend_VB
__quiet_VB
__profess_VB
__outvote_VB
__stabilise_VB
__crumple_VB
__straddle_VB
__condition_VB
__implement_VB
__join_VB
__shave_VB
__enslave_VB
__sprint_VB
__outlive_VB
__support_VB
__motorize_VB
__disqualify_VB
__delude_VB
__fool_VB
__radiate_VB
__expiate_VB
__captain_VB
__renovate_VB
__cavort_VB
__rebound_VB
__ejaculate_VB
__verbalize_VB
__bind_VB
__pet_VB
__string_VB
__remember_VB
__raze_VB
__nationalise_VB
__posit_VB
__abbreviate_VB
__siphon_VB
__cleanse_VB
__reposition_VB
__forego_VB
__harass_VB
__throttle_VB
__occur_VB
__recoup_VB
__alight_VB
__toot_VB
__westernize_VB
__overfill_VB
__confirm_VB
__bump_VB
__register_VB
__spare_VB
__disambiguate_VB
__occlude_VB
__tire_VB
__wrench_VB
__challenge_VB
__jeer_VB
__invent_VB
__libel_VB
__freeze_VB
__supercede_VB
__smear_VB
__blister_VB
__strangle_VB
__misinterpret_VB
__torture_VB
__torpedo_VB
__interest_VB
__publicize_VB
__do_VB
__shine_VB
__script_VB
__examine_VB
__adjust_VB
__cull_VB
__short_VB
__hit_on_VB
__refit_VB
__e-mail_VB
__go_through_VB
__crimp_VB
__cash_VB
__aggrandize_VB
__throw_away_VB
__imagine_VB
__redeem_VB
__whisper_VB
__consider_VB
__play_VB
__throng_VB
__hound_VB
__pockmark_VB
__enamel_VB
__scrape_VB
__superintend_VB
__ask_VB
__accord_VB
__article_VB
__reconnoiter_VB
__baffle_VB
__police_VB
__resume_VB
__deprecate_VB
__germinate_VB
__debar_VB
__recruit_VB
__saturate_VB
__write_VB
__capitulate_VB
__sheathe_VB
__skipper_VB
__bayonet_VB
__mimic_VB
__sputter_VB
__gerrymander_VB
__trisect_VB
__retreat_VB
__envisage_VB
__close_VB
__industrialize_VB
__disobey_VB
__adsorb_VB
__consist_VB
__free_VB
__revive_VB
__orchestrate_VB
__prioritize_VB
__indict_VB
__touch_VB
__disappear_VB
__par_VB
__crucify_VB
__spike_VB
__parachute_VB
__learn_VB
__legitimise_VB
__appropriate_VB
__choose_VB
__relieve_VB
__glamorize_VB
__comment_VB
__remain_VB
__wither_VB
__run_VB
__heat_VB
__style_VB
__soak_VB
__interpret_VB
__ground_VB
__encounter_VB
__adduce_VB
__downplay_VB
__matter_VB
__predict_VB
__pump_VB
__lose_VB
__bracket_VB
__degrade_VB
__shrink_VB
__overload_VB
__bandage_VB
__send_VB
__aggrieve_VB
__demonize_VB
__microwave_VB
__elevate_VB
__concoct_VB
__wreck_VB
__impose_VB
__outdo_VB
__chuck_VB
__assuage_VB
__narrow_VB
__sublimate_VB
__scrutinise_VB
__downgrade_VB
__jostle_VB
__come_VB
__silence_VB
__abstain_VB
__rescind_VB
__bridge_VB
__disturb_VB
__puncture_VB
__sicken_VB
__investigate_VB
__demoralize_VB
__instrument_VB
__disgrace_VB
__audition_VB
__deviate_VB
__worry_VB
__accelerate_VB
__shutter_VB
__sculpt_VB
__parallel_VB
__elongate_VB
__loft_VB
__care_VB
__zone_VB
__clean_VB
__reshuffle_VB
__lump_VB
__throw_VB
__colonize_VB
__outstrip_VB
__scheme_VB
__crop_VB
__disinfect_VB
__nail_VB
__paddle_VB
__stub_VB
__divide_VB
__aver_VB
__power_VB
__mold_VB
__reestablish_VB
__revel_VB
__shuffle_VB
__negotiate_VB
__attribute_VB
__mature_VB
__splinter_VB
__loan_VB
__butcher_VB
__irritate_VB
__delineate_VB
__widen_VB
__stress_VB
__wiggle_VB
__foreground_VB
__mat_VB
__cremate_VB
__capture_VB
__swarm_VB
__pedal_VB
__adjoin_VB
__invalidate_VB
__zigzag_VB
__mine_VB
__translocate_VB
__estrange_VB
__licence_VB
__exclaim_VB
__resize_VB
__grok_VB
__ventilate_VB
__ostracize_VB
__cobble_VB
__aim_VB
__gild_VB
__chance_VB
__sunder_VB
__prescribe_VB
__juggle_VB
__chill_VB
__fade_VB
__revalue_VB
__sanitize_VB
__wing_VB
__stomach_VB
__deride_VB
__misinform_VB
__stoke_VB
__omit_VB
__tail_VB
__change_VB
__berate_VB
__fumigate_VB
__yaw_VB
__pollute_VB
__perform_VB
__economize_VB
__inch_VB
__behold_VB
__trick_VB
__mediate_VB
__knock_VB
__gain_VB
__cricket_VB
__garnish_VB
__misname_VB
__scramble_VB
__nest_VB
__unroll_VB
__impregnate_VB
__incise_VB
__unravel_VB
__disconcert_VB
